<?xml version="1.0" encoding="UTF-8"?>
<testng-results ignored="0" total="2" passed="2" failed="0" skipped="0">
  <reporter-output>
  </reporter-output>
  <suite started-at="2023-04-25T10:31:16 MDT" name="Default suite" finished-at="2023-04-25T10:31:16 MDT" duration-ms="309">
    <groups>
    </groups>
    <test started-at="2023-04-25T10:31:16 MDT" name="Default test" finished-at="2023-04-25T10:31:16 MDT" duration-ms="309">
      <class name="com.TestNG.AnnotationsDemo">
        <test-method is-config="true" signature="setUp()[pri:0, instance:com.TestNG.AnnotationsDemo@3f6f6701]" started-at="2023-04-25T10:31:15 MDT" name="setUp" finished-at="2023-04-25T10:31:15 MDT" duration-ms="45" status="PASS">
          <reporter-output>
          </reporter-output>
        </test-method> <!-- setUp -->
        <test-method is-config="true" signature="launchBrowser()[pri:0, instance:com.TestNG.AnnotationsDemo@3f6f6701]" started-at="2023-04-25T10:31:16 MDT" name="launchBrowser" finished-at="2023-04-25T10:31:16 MDT" duration-ms="1" status="PASS">
          <reporter-output>
          </reporter-output>
        </test-method> <!-- launchBrowser -->
        <test-method is-config="true" signature="login()[pri:0, instance:com.TestNG.AnnotationsDemo@3f6f6701]" started-at="2023-04-25T10:31:16 MDT" name="login" finished-at="2023-04-25T10:31:16 MDT" duration-ms="1" status="PASS">
          <reporter-output>
          </reporter-output>
        </test-method> <!-- login -->
        <test-method is-config="true" signature="enterURL()[pri:0, instance:com.TestNG.AnnotationsDemo@3f6f6701]" started-at="2023-04-25T10:31:16 MDT" name="enterURL" finished-at="2023-04-25T10:31:16 MDT" duration-ms="1" status="PASS">
          <reporter-output>
          </reporter-output>
        </test-method> <!-- enterURL -->
        <test-method signature="googleTitleTest()[pri:0, instance:com.TestNG.AnnotationsDemo@3f6f6701]" started-at="2023-04-25T10:31:16 MDT" name="googleTitleTest" finished-at="2023-04-25T10:31:16 MDT" duration-ms="27" status="PASS">
          <reporter-output>
          </reporter-output>
        </test-method> <!-- googleTitleTest -->
        <test-method is-config="true" signature="logout()[pri:0, instance:com.TestNG.AnnotationsDemo@3f6f6701]" started-at="2023-04-25T10:31:16 MDT" name="logout" finished-at="2023-04-25T10:31:16 MDT" duration-ms="2" status="PASS">
          <reporter-output>
          </reporter-output>
        </test-method> <!-- logout -->
        <test-method is-config="true" signature="enterURL()[pri:0, instance:com.TestNG.AnnotationsDemo@3f6f6701]" started-at="2023-04-25T10:31:16 MDT" name="enterURL" finished-at="2023-04-25T10:31:16 MDT" duration-ms="2" status="PASS">
          <reporter-output>
          </reporter-output>
        </test-method> <!-- enterURL -->
        <test-method signature="homePageTest()[pri:0, instance:com.TestNG.AnnotationsDemo@3f6f6701]" started-at="2023-04-25T10:31:16 MDT" name="homePageTest" finished-at="2023-04-25T10:31:16 MDT" duration-ms="5" status="PASS">
          <reporter-output>
          </reporter-output>
        </test-method> <!-- homePageTest -->
        <test-method is-config="true" signature="logout()[pri:0, instance:com.TestNG.AnnotationsDemo@3f6f6701]" started-at="2023-04-25T10:31:16 MDT" name="logout" finished-at="2023-04-25T10:31:16 MDT" duration-ms="1" status="PASS">
          <reporter-output>
          </reporter-output>
        </test-method> <!-- logout -->
        <test-method is-config="true" signature="closeBrowser()[pri:0, instance:com.TestNG.AnnotationsDemo@3f6f6701]" started-at="2023-04-25T10:31:16 MDT" name="closeBrowser" finished-at="2023-04-25T10:31:16 MDT" duration-ms="1" status="PASS">
          <reporter-output>
          </reporter-output>
        </test-method> <!-- closeBrowser -->
        <test-method is-config="true" signature="deleteAllCookies()[pri:0, instance:com.TestNG.AnnotationsDemo@3f6f6701]" started-at="2023-04-25T10:31:16 MDT" name="deleteAllCookies" finished-at="2023-04-25T10:31:16 MDT" duration-ms="1" status="PASS">
          <reporter-output>
          </reporter-output>
        </test-method> <!-- deleteAllCookies -->
        <test-method is-config="true" signature="generateTestReport()[pri:0, instance:com.TestNG.AnnotationsDemo@3f6f6701]" started-at="2023-04-25T10:31:16 MDT" name="generateTestReport" finished-at="2023-04-25T10:31:16 MDT" duration-ms="2" status="PASS">
          <reporter-output>
          </reporter-output>
        </test-method> <!-- generateTestReport -->
      </class> <!-- com.TestNG.AnnotationsDemo -->
    </test> <!-- Default test -->
  </suite> <!-- Default suite -->
</testng-results>
