<?xml version="1.0" encoding="UTF-8"?>
<!-- Generated by org.testng.reporters.JUnitXMLReporter -->
<testsuite ignored="0" hostname="LAPTOP-FDBR06OL" failures="0" tests="3" name="googleTitleTest" time="0.103" errors="0" timestamp="2023-04-17T01:14:56 MDT">
  <testcase classname="com.TestNG.AnnotationsDemo" name="googleTitleTest" time="0.008"/>
  <testcase classname="com.TestNG.AnnotationsDemo" name="googleTitleTest" time="0.002"/>
  <testcase classname="com.TestNG.AnnotationsDemo" name="searchTest" time="0.003"/>
</testsuite> <!-- googleTitleTest -->
